<?xml version="1.0" encoding="UTF-8"?>
<testng-results skipped="0" failed="0" ignored="0" total="1" passed="1">
  <reporter-output>
  </reporter-output>
  <suite name="Default suite" duration-ms="16832" started-at="2021-01-20T23:10:16 CST" finished-at="2021-01-20T23:10:33 CST">
    <groups>
    </groups>
    <test name="Default test" duration-ms="16832" started-at="2021-01-20T23:10:16 CST" finished-at="2021-01-20T23:10:33 CST">
      <class name="billingTechFios.MissionTestNG">
        <test-method status="PASS" signature="iniTial()[pri:0, instance:billingTechFios.MissionTestNG@d44fc21]" name="iniTial" is-config="true" duration-ms="7735" started-at="2021-01-20T23:10:16 CST" finished-at="2021-01-20T23:10:23 CST">
          <reporter-output>
          </reporter-output>
        </test-method> <!-- iniTial -->
        <test-method status="PASS" signature="loginTestA()[pri:0, instance:billingTechFios.MissionTestNG@d44fc21]" name="loginTestA" duration-ms="9039" started-at="2021-01-20T23:10:23 CST" finished-at="2021-01-20T23:10:33 CST">
          <reporter-output>
          </reporter-output>
        </test-method> <!-- loginTestA -->
      </class> <!-- billingTechFios.MissionTestNG -->
    </test> <!-- Default test -->
  </suite> <!-- Default suite -->
</testng-results>
